<?xml version="1.0" encoding="UTF-8"?>
<!-- Generated by org.testng.reporters.JUnitReportReporter -->
<testsuite hostname="Rahul-PC" failures="0" tests="1" name="testCases_POM.TC_Login_001" time="10.795" errors="0" timestamp="2020-07-29T12:19:48 IST" skipped="0">
  <testcase classname="testCases_POM.TC_Login_001" name="loginTest" time="10.795"/>
  <system-out/>
</testsuite> <!-- testCases_POM.TC_Login_001 -->
