<?xml version="1.0" encoding="UTF-8"?>
<!-- Generated by org.testng.reporters.JUnitReportReporter -->
<testsuite hostname="Rahul-PC" failures="0" tests="1" name="testCases_POM.TC_Login_01" time="20.754" errors="0" timestamp="29 Jun 2020 14:11:39 GMT" skipped="0">
  <testcase classname="testCases_POM.TC_Login_01" name="setUp" time="20.754"/>
</testsuite> <!-- testCases_POM.TC_Login_01 -->
