<?xml version="1.0" encoding="UTF-8"?>
<!-- Generated by org.testng.reporters.JUnitReportReporter -->
<testsuite hostname="Rahul-PC" failures="0" tests="1" name="testCases_POM.TC_Login_001" time="18.671" errors="0" timestamp="2020-07-26T14:47:52 IST" skipped="0">
  <testcase classname="testCases_POM.TC_Login_001" name="loginTest" time="18.671"/>
  <system-out/>
</testsuite> <!-- testCases_POM.TC_Login_001 -->
