<?xml version="1.0" encoding="UTF-8"?>
<!-- Generated by org.testng.reporters.JUnitReportReporter -->
<testsuite hostname="Rahul-PC" failures="0" tests="1" name="testCases_POM.TestCaseNew" time="0.172" errors="0" timestamp="2020-06-30T15:09:49 IST" skipped="0">
  <testcase classname="testCases_POM.TestCaseNew" name="test1" time="0.172"/>
  <system-out/>
</testsuite> <!-- testCases_POM.TestCaseNew -->
